{"C:\\Users\\genil\\Documents\\projetos\\pessoal\\weather-app\\src\\App.js": {"path":"C:\\Users\\genil\\Documents\\projetos\\pessoal\\weather-app\\src\\App.js","statementMap":{"0":{"start":{"line":9,"column":2},"end":{"line":18,"column":4}}},"fnMap":{"0":{"name":"App","decl":{"start":{"line":8,"column":9},"end":{"line":8,"column":12}},"loc":{"start":{"line":8,"column":15},"end":{"line":19,"column":1}},"line":8}},"branchMap":{},"s":{"0":1},"f":{"0":1},"b":{},"_coverageSchema":"1a1c01bbd47fc00a2c39e90264f33305004495a9","hash":"ba2fa8e31675c8078ae0778f20d7d506186314f9"}
,"C:\\Users\\genil\\Documents\\projetos\\pessoal\\weather-app\\src\\components\\Heading\\index.jsx": {"path":"C:\\Users\\genil\\Documents\\projetos\\pessoal\\weather-app\\src\\components\\Heading\\index.jsx","statementMap":{"0":{"start":{"line":6,"column":23},"end":{"line":8,"column":1}},"1":{"start":{"line":7,"column":2},"end":{"line":7,"column":34}},"2":{"start":{"line":10,"column":0},"end":{"line":12,"column":2}}},"fnMap":{"0":{"name":"(anonymous_0)","decl":{"start":{"line":6,"column":23},"end":{"line":6,"column":24}},"loc":{"start":{"line":6,"column":38},"end":{"line":8,"column":1}},"line":6}},"branchMap":{},"s":{"0":2,"1":1,"2":2},"f":{"0":1},"b":{},"_coverageSchema":"1a1c01bbd47fc00a2c39e90264f33305004495a9","hash":"2923ee30920704fe869d6a3c6936a41f27d7a977"}
,"C:\\Users\\genil\\Documents\\projetos\\pessoal\\weather-app\\src\\components\\Heading\\styles.js": {"path":"C:\\Users\\genil\\Documents\\projetos\\pessoal\\weather-app\\src\\components\\Heading\\styles.js","statementMap":{"0":{"start":{"line":3,"column":20},"end":{"line":8,"column":1}},"1":{"start":{"line":7,"column":26},"end":{"line":7,"column":47}}},"fnMap":{"0":{"name":"(anonymous_0)","decl":{"start":{"line":7,"column":11},"end":{"line":7,"column":12}},"loc":{"start":{"line":7,"column":26},"end":{"line":7,"column":47}},"line":7}},"branchMap":{},"s":{"0":2,"1":1},"f":{"0":1},"b":{},"_coverageSchema":"1a1c01bbd47fc00a2c39e90264f33305004495a9","hash":"13ee4b2079a698ef6e19ec21db8ad16055c4edd2"}
,"C:\\Users\\genil\\Documents\\projetos\\pessoal\\weather-app\\src\\components\\Layout\\index.jsx": {"path":"C:\\Users\\genil\\Documents\\projetos\\pessoal\\weather-app\\src\\components\\Layout\\index.jsx","statementMap":{"0":{"start":{"line":3,"column":25},"end":{"line":10,"column":1}}},"fnMap":{},"branchMap":{},"s":{"0":2},"f":{},"b":{},"_coverageSchema":"1a1c01bbd47fc00a2c39e90264f33305004495a9","hash":"576e803ff0db74b33a6818f59b3b2e7995d1c343"}
,"C:\\Users\\genil\\Documents\\projetos\\pessoal\\weather-app\\src\\components\\MeasureCard\\index.jsx": {"path":"C:\\Users\\genil\\Documents\\projetos\\pessoal\\weather-app\\src\\components\\MeasureCard\\index.jsx","statementMap":{"0":{"start":{"line":6,"column":27},"end":{"line":19,"column":1}},"1":{"start":{"line":7,"column":2},"end":{"line":18,"column":4}},"2":{"start":{"line":21,"column":0},"end":{"line":26,"column":2}}},"fnMap":{"0":{"name":"(anonymous_0)","decl":{"start":{"line":6,"column":27},"end":{"line":6,"column":28}},"loc":{"start":{"line":6,"column":62},"end":{"line":19,"column":1}},"line":6}},"branchMap":{"0":{"loc":{"start":{"line":9,"column":7},"end":{"line":9,"column":40}},"type":"binary-expr","locations":[{"start":{"line":9,"column":7},"end":{"line":9,"column":13}},{"start":{"line":9,"column":17},"end":{"line":9,"column":40}}],"line":9}},"s":{"0":2,"1":2,"2":2},"f":{"0":2},"b":{"0":[2,1]},"_coverageSchema":"1a1c01bbd47fc00a2c39e90264f33305004495a9","hash":"29bb494f8d796f3bda7dcc69089a459820c7ba34"}
,"C:\\Users\\genil\\Documents\\projetos\\pessoal\\weather-app\\src\\components\\MeasureCard\\styles.js": {"path":"C:\\Users\\genil\\Documents\\projetos\\pessoal\\weather-app\\src\\components\\MeasureCard\\styles.js","statementMap":{"0":{"start":{"line":3,"column":23},"end":{"line":7,"column":1}},"1":{"start":{"line":9,"column":20},"end":{"line":20,"column":1}},"2":{"start":{"line":16,"column":31},"end":{"line":16,"column":54}},"3":{"start":{"line":22,"column":23},"end":{"line":22,"column":35}},"4":{"start":{"line":23,"column":21},"end":{"line":27,"column":1}},"5":{"start":{"line":25,"column":30},"end":{"line":25,"column":52}},"6":{"start":{"line":26,"column":26},"end":{"line":26,"column":49}},"7":{"start":{"line":29,"column":22},"end":{"line":33,"column":1}},"8":{"start":{"line":31,"column":30},"end":{"line":31,"column":52}},"9":{"start":{"line":32,"column":26},"end":{"line":32,"column":49}}},"fnMap":{"0":{"name":"(anonymous_0)","decl":{"start":{"line":16,"column":16},"end":{"line":16,"column":17}},"loc":{"start":{"line":16,"column":31},"end":{"line":16,"column":54}},"line":16},"1":{"name":"(anonymous_1)","decl":{"start":{"line":25,"column":15},"end":{"line":25,"column":16}},"loc":{"start":{"line":25,"column":30},"end":{"line":25,"column":52}},"line":25},"2":{"name":"(anonymous_2)","decl":{"start":{"line":26,"column":11},"end":{"line":26,"column":12}},"loc":{"start":{"line":26,"column":26},"end":{"line":26,"column":49}},"line":26},"3":{"name":"(anonymous_3)","decl":{"start":{"line":31,"column":15},"end":{"line":31,"column":16}},"loc":{"start":{"line":31,"column":30},"end":{"line":31,"column":52}},"line":31},"4":{"name":"(anonymous_4)","decl":{"start":{"line":32,"column":11},"end":{"line":32,"column":12}},"loc":{"start":{"line":32,"column":26},"end":{"line":32,"column":49}},"line":32}},"branchMap":{},"s":{"0":2,"1":2,"2":1,"3":2,"4":2,"5":2,"6":2,"7":2,"8":2,"9":2},"f":{"0":1,"1":2,"2":2,"3":2,"4":2},"b":{},"_coverageSchema":"1a1c01bbd47fc00a2c39e90264f33305004495a9","hash":"751899b6b850f44e248390f405125ae03c91dfce"}
,"C:\\Users\\genil\\Documents\\projetos\\pessoal\\weather-app\\src\\components\\Menu\\index.jsx": {"path":"C:\\Users\\genil\\Documents\\projetos\\pessoal\\weather-app\\src\\components\\Menu\\index.jsx","statementMap":{"0":{"start":{"line":8,"column":20},"end":{"line":86,"column":1}},"1":{"start":{"line":9,"column":30},"end":{"line":9,"column":45}},"2":{"start":{"line":10,"column":19},"end":{"line":10,"column":27}},"3":{"start":{"line":12,"column":22},"end":{"line":14,"column":3}},"4":{"start":{"line":13,"column":4},"end":{"line":13,"column":31}},"5":{"start":{"line":13,"column":24},"end":{"line":13,"column":29}},"6":{"start":{"line":16,"column":2},"end":{"line":24,"column":9}},"7":{"start":{"line":17,"column":25},"end":{"line":19,"column":5}},"8":{"start":{"line":18,"column":6},"end":{"line":18,"column":63}},"9":{"start":{"line":20,"column":4},"end":{"line":20,"column":51}},"10":{"start":{"line":21,"column":4},"end":{"line":23,"column":6}},"11":{"start":{"line":22,"column":6},"end":{"line":22,"column":56}},"12":{"start":{"line":26,"column":33},"end":{"line":26,"column":49}},"13":{"start":{"line":28,"column":32},"end":{"line":32,"column":4}},"14":{"start":{"line":29,"column":39},"end":{"line":29,"column":70}},"15":{"start":{"line":30,"column":30},"end":{"line":30,"column":74}},"16":{"start":{"line":31,"column":4},"end":{"line":31,"column":29}},"17":{"start":{"line":34,"column":31},"end":{"line":38,"column":3}},"18":{"start":{"line":35,"column":27},"end":{"line":35,"column":72}},"19":{"start":{"line":35,"column":52},"end":{"line":35,"column":71}},"20":{"start":{"line":36,"column":4},"end":{"line":36,"column":68}},"21":{"start":{"line":37,"column":4},"end":{"line":37,"column":31}},"22":{"start":{"line":40,"column":28},"end":{"line":42,"column":3}},"23":{"start":{"line":41,"column":4},"end":{"line":41,"column":55}},"24":{"start":{"line":41,"column":34},"end":{"line":41,"column":53}},"25":{"start":{"line":44,"column":32},"end":{"line":47,"column":3}},"26":{"start":{"line":45,"column":4},"end":{"line":45,"column":30}},"27":{"start":{"line":46,"column":4},"end":{"line":46,"column":21}},"28":{"start":{"line":49,"column":2},"end":{"line":57,"column":21}},"29":{"start":{"line":50,"column":4},"end":{"line":56,"column":5}},"30":{"start":{"line":51,"column":6},"end":{"line":54,"column":8}},"31":{"start":{"line":55,"column":6},"end":{"line":55,"column":45}},"32":{"start":{"line":59,"column":2},"end":{"line":85,"column":4}},"33":{"start":{"line":62,"column":33},"end":{"line":62,"column":46}},"34":{"start":{"line":72,"column":14},"end":{"line":79,"column":22}},"35":{"start":{"line":88,"column":0},"end":{"line":90,"column":2}}},"fnMap":{"0":{"name":"(anonymous_0)","decl":{"start":{"line":8,"column":20},"end":{"line":8,"column":21}},"loc":{"start":{"line":8,"column":42},"end":{"line":86,"column":1}},"line":8},"1":{"name":"(anonymous_1)","decl":{"start":{"line":12,"column":22},"end":{"line":12,"column":23}},"loc":{"start":{"line":12,"column":28},"end":{"line":14,"column":3}},"line":12},"2":{"name":"(anonymous_2)","decl":{"start":{"line":13,"column":14},"end":{"line":13,"column":15}},"loc":{"start":{"line":13,"column":24},"end":{"line":13,"column":29}},"line":13},"3":{"name":"(anonymous_3)","decl":{"start":{"line":16,"column":12},"end":{"line":16,"column":13}},"loc":{"start":{"line":16,"column":18},"end":{"line":24,"column":3}},"line":16},"4":{"name":"(anonymous_4)","decl":{"start":{"line":17,"column":25},"end":{"line":17,"column":26}},"loc":{"start":{"line":17,"column":32},"end":{"line":19,"column":5}},"line":17},"5":{"name":"(anonymous_5)","decl":{"start":{"line":21,"column":11},"end":{"line":21,"column":12}},"loc":{"start":{"line":21,"column":17},"end":{"line":23,"column":5}},"line":21},"6":{"name":"(anonymous_6)","decl":{"start":{"line":28,"column":41},"end":{"line":28,"column":42}},"loc":{"start":{"line":28,"column":47},"end":{"line":32,"column":3}},"line":28},"7":{"name":"(anonymous_7)","decl":{"start":{"line":34,"column":31},"end":{"line":34,"column":32}},"loc":{"start":{"line":34,"column":42},"end":{"line":38,"column":3}},"line":34},"8":{"name":"(anonymous_8)","decl":{"start":{"line":35,"column":42},"end":{"line":35,"column":43}},"loc":{"start":{"line":35,"column":52},"end":{"line":35,"column":71}},"line":35},"9":{"name":"(anonymous_9)","decl":{"start":{"line":40,"column":28},"end":{"line":40,"column":29}},"loc":{"start":{"line":40,"column":39},"end":{"line":42,"column":3}},"line":40},"10":{"name":"(anonymous_10)","decl":{"start":{"line":41,"column":24},"end":{"line":41,"column":25}},"loc":{"start":{"line":41,"column":34},"end":{"line":41,"column":53}},"line":41},"11":{"name":"(anonymous_11)","decl":{"start":{"line":44,"column":32},"end":{"line":44,"column":33}},"loc":{"start":{"line":44,"column":43},"end":{"line":47,"column":3}},"line":44},"12":{"name":"(anonymous_12)","decl":{"start":{"line":49,"column":12},"end":{"line":49,"column":13}},"loc":{"start":{"line":49,"column":18},"end":{"line":57,"column":3}},"line":49},"13":{"name":"(anonymous_13)","decl":{"start":{"line":62,"column":27},"end":{"line":62,"column":28}},"loc":{"start":{"line":62,"column":33},"end":{"line":62,"column":46}},"line":62},"14":{"name":"(anonymous_14)","decl":{"start":{"line":71,"column":24},"end":{"line":71,"column":25}},"loc":{"start":{"line":72,"column":14},"end":{"line":79,"column":22}},"line":72}},"branchMap":{"0":{"loc":{"start":{"line":18,"column":6},"end":{"line":18,"column":62}},"type":"binary-expr","locations":[{"start":{"line":18,"column":6},"end":{"line":18,"column":42}},{"start":{"line":18,"column":46},"end":{"line":18,"column":62}}],"line":18},"1":{"loc":{"start":{"line":30,"column":30},"end":{"line":30,"column":74}},"type":"binary-expr","locations":[{"start":{"line":30,"column":30},"end":{"line":30,"column":68}},{"start":{"line":30,"column":72},"end":{"line":30,"column":74}}],"line":30},"2":{"loc":{"start":{"line":50,"column":4},"end":{"line":56,"column":5}},"type":"if","locations":[{"start":{"line":50,"column":4},"end":{"line":56,"column":5}},{"start":{},"end":{}}],"line":50},"3":{"loc":{"start":{"line":70,"column":11},"end":{"line":80,"column":13}},"type":"binary-expr","locations":[{"start":{"line":70,"column":11},"end":{"line":70,"column":18}},{"start":{"line":71,"column":12},"end":{"line":80,"column":13}}],"line":70},"4":{"loc":{"start":{"line":72,"column":14},"end":{"line":79,"column":22}},"type":"cond-expr","locations":[{"start":{"line":73,"column":16},"end":{"line":78,"column":18}},{"start":{"line":79,"column":18},"end":{"line":79,"column":22}}],"line":72},"5":{"loc":{"start":{"line":81,"column":11},"end":{"line":81,"column":60}},"type":"binary-expr","locations":[{"start":{"line":81,"column":11},"end":{"line":81,"column":30}},{"start":{"line":81,"column":34},"end":{"line":81,"column":60}}],"line":81}},"s":{"0":2,"1":22,"2":22,"3":22,"4":4,"5":4,"6":22,"7":8,"8":7,"9":8,"10":8,"11":8,"12":22,"13":22,"14":8,"15":8,"16":8,"17":22,"18":1,"19":3,"20":1,"21":1,"22":22,"23":8,"24":7,"25":22,"26":1,"27":1,"28":22,"29":8,"30":7,"31":7,"32":22,"33":4,"34":35,"35":2},"f":{"0":22,"1":4,"2":4,"3":8,"4":7,"5":8,"6":8,"7":1,"8":3,"9":8,"10":7,"11":1,"12":8,"13":4,"14":35},"b":{"0":[7,1],"1":[8,4],"2":[7,1],"3":[22,22],"4":[20,15],"5":[22,11]},"_coverageSchema":"1a1c01bbd47fc00a2c39e90264f33305004495a9","hash":"3fc4dc4ca39e86391b6be79525a8dfd7dde3cbf7"}
,"C:\\Users\\genil\\Documents\\projetos\\pessoal\\weather-app\\src\\components\\Menu\\styles.js": {"path":"C:\\Users\\genil\\Documents\\projetos\\pessoal\\weather-app\\src\\components\\Menu\\styles.js","statementMap":{"0":{"start":{"line":3,"column":23},"end":{"line":9,"column":1}},"1":{"start":{"line":10,"column":20},"end":{"line":10,"column":32}},"2":{"start":{"line":12,"column":24},"end":{"line":19,"column":1}},"3":{"start":{"line":13,"column":21},"end":{"line":18,"column":3}},"4":{"start":{"line":20,"column":22},"end":{"line":44,"column":1}},"5":{"start":{"line":29,"column":27},"end":{"line":41,"column":3}},"6":{"start":{"line":46,"column":22},"end":{"line":52,"column":1}},"7":{"start":{"line":47,"column":14},"end":{"line":51,"column":3}},"8":{"start":{"line":53,"column":21},"end":{"line":71,"column":1}},"9":{"start":{"line":66,"column":27},"end":{"line":70,"column":3}},"10":{"start":{"line":73,"column":19},"end":{"line":82,"column":1}},"11":{"start":{"line":74,"column":19},"end":{"line":81,"column":3}},"12":{"start":{"line":84,"column":28},"end":{"line":89,"column":1}},"13":{"start":{"line":91,"column":20},"end":{"line":116,"column":1}},"14":{"start":{"line":100,"column":19},"end":{"line":114,"column":3}}},"fnMap":{"0":{"name":"(anonymous_0)","decl":{"start":{"line":13,"column":10},"end":{"line":13,"column":11}},"loc":{"start":{"line":13,"column":21},"end":{"line":18,"column":3}},"line":13},"1":{"name":"(anonymous_1)","decl":{"start":{"line":29,"column":4},"end":{"line":29,"column":5}},"loc":{"start":{"line":29,"column":27},"end":{"line":41,"column":3}},"line":29},"2":{"name":"(anonymous_2)","decl":{"start":{"line":47,"column":8},"end":{"line":47,"column":9}},"loc":{"start":{"line":47,"column":14},"end":{"line":51,"column":3}},"line":47},"3":{"name":"(anonymous_3)","decl":{"start":{"line":66,"column":4},"end":{"line":66,"column":5}},"loc":{"start":{"line":66,"column":27},"end":{"line":70,"column":3}},"line":66},"4":{"name":"(anonymous_4)","decl":{"start":{"line":74,"column":4},"end":{"line":74,"column":5}},"loc":{"start":{"line":74,"column":19},"end":{"line":81,"column":3}},"line":74},"5":{"name":"(anonymous_5)","decl":{"start":{"line":100,"column":4},"end":{"line":100,"column":5}},"loc":{"start":{"line":100,"column":19},"end":{"line":114,"column":3}},"line":100}},"branchMap":{"0":{"loc":{"start":{"line":40,"column":6},"end":{"line":40,"column":47}},"type":"binary-expr","locations":[{"start":{"line":40,"column":6},"end":{"line":40,"column":14}},{"start":{"line":40,"column":18},"end":{"line":40,"column":47}}],"line":40},"1":{"loc":{"start":{"line":69,"column":6},"end":{"line":69,"column":38}},"type":"binary-expr","locations":[{"start":{"line":69,"column":6},"end":{"line":69,"column":14}},{"start":{"line":69,"column":18},"end":{"line":69,"column":38}}],"line":69}},"s":{"0":2,"1":2,"2":2,"3":5,"4":2,"5":22,"6":2,"7":5,"8":2,"9":22,"10":2,"11":22,"12":2,"13":2,"14":11},"f":{"0":5,"1":22,"2":5,"3":22,"4":22,"5":11},"b":{"0":[22,5],"1":[22,5]},"_coverageSchema":"1a1c01bbd47fc00a2c39e90264f33305004495a9","hash":"1ad94461847a4f2080770743bb5709e41f604f0c"}
,"C:\\Users\\genil\\Documents\\projetos\\pessoal\\weather-app\\src\\components\\Menu\\ButtonMenu\\index.jsx": {"path":"C:\\Users\\genil\\Documents\\projetos\\pessoal\\weather-app\\src\\components\\Menu\\ButtonMenu\\index.jsx","statementMap":{"0":{"start":{"line":5,"column":26},"end":{"line":24,"column":1}},"1":{"start":{"line":6,"column":22},"end":{"line":8,"column":3}},"2":{"start":{"line":7,"column":4},"end":{"line":7,"column":32}},"3":{"start":{"line":10,"column":29},"end":{"line":12,"column":3}},"4":{"start":{"line":11,"column":4},"end":{"line":11,"column":46}},"5":{"start":{"line":14,"column":2},"end":{"line":23,"column":4}},"6":{"start":{"line":16,"column":36},"end":{"line":16,"column":54}},"7":{"start":{"line":18,"column":23},"end":{"line":18,"column":43}},"8":{"start":{"line":26,"column":0},"end":{"line":30,"column":2}}},"fnMap":{"0":{"name":"(anonymous_0)","decl":{"start":{"line":5,"column":26},"end":{"line":5,"column":27}},"loc":{"start":{"line":5,"column":66},"end":{"line":24,"column":1}},"line":5},"1":{"name":"(anonymous_1)","decl":{"start":{"line":6,"column":22},"end":{"line":6,"column":23}},"loc":{"start":{"line":6,"column":28},"end":{"line":8,"column":3}},"line":6},"2":{"name":"(anonymous_2)","decl":{"start":{"line":10,"column":29},"end":{"line":10,"column":30}},"loc":{"start":{"line":10,"column":35},"end":{"line":12,"column":3}},"line":10},"3":{"name":"(anonymous_3)","decl":{"start":{"line":16,"column":30},"end":{"line":16,"column":31}},"loc":{"start":{"line":16,"column":36},"end":{"line":16,"column":54}},"line":16},"4":{"name":"(anonymous_4)","decl":{"start":{"line":18,"column":17},"end":{"line":18,"column":18}},"loc":{"start":{"line":18,"column":23},"end":{"line":18,"column":43}},"line":18}},"branchMap":{"0":{"loc":{"start":{"line":7,"column":4},"end":{"line":7,"column":31}},"type":"binary-expr","locations":[{"start":{"line":7,"column":4},"end":{"line":7,"column":13}},{"start":{"line":7,"column":17},"end":{"line":7,"column":31}}],"line":7},"1":{"loc":{"start":{"line":11,"column":4},"end":{"line":11,"column":45}},"type":"binary-expr","locations":[{"start":{"line":11,"column":4},"end":{"line":11,"column":20}},{"start":{"line":11,"column":24},"end":{"line":11,"column":45}}],"line":11}},"s":{"0":3,"1":23,"2":2,"3":23,"4":2,"5":23,"6":2,"7":2,"8":3},"f":{"0":23,"1":2,"2":2,"3":2,"4":2},"b":{"0":[2,2],"1":[2,2]},"_coverageSchema":"1a1c01bbd47fc00a2c39e90264f33305004495a9","hash":"916e630c9b3f3813f8960caf6c60581deecd5e65"}
,"C:\\Users\\genil\\Documents\\projetos\\pessoal\\weather-app\\src\\components\\Menu\\ButtonMenu\\styles.js": {"path":"C:\\Users\\genil\\Documents\\projetos\\pessoal\\weather-app\\src\\components\\Menu\\ButtonMenu\\styles.js","statementMap":{"0":{"start":{"line":3,"column":23},"end":{"line":7,"column":1}},"1":{"start":{"line":9,"column":27},"end":{"line":33,"column":1}},"2":{"start":{"line":18,"column":19},"end":{"line":31,"column":3}},"3":{"start":{"line":35,"column":28},"end":{"line":59,"column":1}},"4":{"start":{"line":42,"column":19},"end":{"line":57,"column":3}}},"fnMap":{"0":{"name":"(anonymous_0)","decl":{"start":{"line":18,"column":4},"end":{"line":18,"column":5}},"loc":{"start":{"line":18,"column":19},"end":{"line":31,"column":3}},"line":18},"1":{"name":"(anonymous_1)","decl":{"start":{"line":42,"column":4},"end":{"line":42,"column":5}},"loc":{"start":{"line":42,"column":19},"end":{"line":57,"column":3}},"line":42}},"branchMap":{},"s":{"0":3,"1":3,"2":23,"3":3,"4":23},"f":{"0":23,"1":23},"b":{},"_coverageSchema":"1a1c01bbd47fc00a2c39e90264f33305004495a9","hash":"51ce644af0c5e83e141cada9e141ee5e76beca17"}
,"C:\\Users\\genil\\Documents\\projetos\\pessoal\\weather-app\\src\\components\\SearchInput\\index.jsx": {"path":"C:\\Users\\genil\\Documents\\projetos\\pessoal\\weather-app\\src\\components\\SearchInput\\index.jsx","statementMap":{"0":{"start":{"line":7,"column":27},"end":{"line":40,"column":1}},"1":{"start":{"line":8,"column":28},"end":{"line":8,"column":40}},"2":{"start":{"line":9,"column":36},"end":{"line":9,"column":48}},"3":{"start":{"line":11,"column":28},"end":{"line":13,"column":3}},"4":{"start":{"line":12,"column":4},"end":{"line":12,"column":27}},"5":{"start":{"line":14,"column":23},"end":{"line":18,"column":3}},"6":{"start":{"line":15,"column":4},"end":{"line":15,"column":23}},"7":{"start":{"line":16,"column":4},"end":{"line":16,"column":31}},"8":{"start":{"line":17,"column":4},"end":{"line":17,"column":24}},"9":{"start":{"line":19,"column":2},"end":{"line":21,"column":15}},"10":{"start":{"line":20,"column":4},"end":{"line":20,"column":48}},"11":{"start":{"line":23,"column":2},"end":{"line":39,"column":4}},"12":{"start":{"line":31,"column":34},"end":{"line":31,"column":59}},"13":{"start":{"line":42,"column":0},"end":{"line":47,"column":2}}},"fnMap":{"0":{"name":"(anonymous_0)","decl":{"start":{"line":7,"column":27},"end":{"line":7,"column":28}},"loc":{"start":{"line":7,"column":69},"end":{"line":40,"column":1}},"line":7},"1":{"name":"(anonymous_1)","decl":{"start":{"line":11,"column":28},"end":{"line":11,"column":29}},"loc":{"start":{"line":11,"column":40},"end":{"line":13,"column":3}},"line":11},"2":{"name":"(anonymous_2)","decl":{"start":{"line":14,"column":23},"end":{"line":14,"column":24}},"loc":{"start":{"line":14,"column":30},"end":{"line":18,"column":3}},"line":14},"3":{"name":"(anonymous_3)","decl":{"start":{"line":19,"column":12},"end":{"line":19,"column":13}},"loc":{"start":{"line":19,"column":18},"end":{"line":21,"column":3}},"line":19},"4":{"name":"(anonymous_4)","decl":{"start":{"line":31,"column":18},"end":{"line":31,"column":19}},"loc":{"start":{"line":31,"column":34},"end":{"line":31,"column":59}},"line":31}},"branchMap":{"0":{"loc":{"start":{"line":16,"column":4},"end":{"line":16,"column":30}},"type":"binary-expr","locations":[{"start":{"line":16,"column":4},"end":{"line":16,"column":11}},{"start":{"line":16,"column":15},"end":{"line":16,"column":30}}],"line":16},"1":{"loc":{"start":{"line":20,"column":4},"end":{"line":20,"column":47}},"type":"cond-expr","locations":[{"start":{"line":20,"column":13},"end":{"line":20,"column":25}},{"start":{"line":20,"column":28},"end":{"line":20,"column":47}}],"line":20},"2":{"loc":{"start":{"line":36,"column":7},"end":{"line":36,"column":44}},"type":"binary-expr","locations":[{"start":{"line":36,"column":7},"end":{"line":36,"column":14}},{"start":{"line":36,"column":18},"end":{"line":36,"column":44}}],"line":36},"3":{"loc":{"start":{"line":37,"column":7},"end":{"line":37,"column":72}},"type":"binary-expr","locations":[{"start":{"line":37,"column":7},"end":{"line":37,"column":16}},{"start":{"line":37,"column":20},"end":{"line":37,"column":72}}],"line":37}},"s":{"0":2,"1":58,"2":58,"3":58,"4":42,"5":58,"6":2,"7":2,"8":2,"9":58,"10":11,"11":58,"12":42,"13":2},"f":{"0":58,"1":42,"2":2,"3":11,"4":42},"b":{"0":[2,1],"1":[1,10],"2":[58,2],"3":[58,2]},"_coverageSchema":"1a1c01bbd47fc00a2c39e90264f33305004495a9","hash":"0128e31d3162948bc65d611a5a9a8e0bf8339fc5"}
,"C:\\Users\\genil\\Documents\\projetos\\pessoal\\weather-app\\src\\components\\SearchInput\\styles.js": {"path":"C:\\Users\\genil\\Documents\\projetos\\pessoal\\weather-app\\src\\components\\SearchInput\\styles.js","statementMap":{"0":{"start":{"line":3,"column":23},"end":{"line":39,"column":1}},"1":{"start":{"line":4,"column":20},"end":{"line":30,"column":3}},"2":{"start":{"line":31,"column":22},"end":{"line":38,"column":3}},"3":{"start":{"line":36,"column":45},"end":{"line":36,"column":68}},"4":{"start":{"line":41,"column":23},"end":{"line":56,"column":1}},"5":{"start":{"line":42,"column":37},"end":{"line":55,"column":3}},"6":{"start":{"line":51,"column":45},"end":{"line":51,"column":68}},"7":{"start":{"line":58,"column":27},"end":{"line":67,"column":1}},"8":{"start":{"line":64,"column":19},"end":{"line":66,"column":3}},"9":{"start":{"line":69,"column":27},"end":{"line":83,"column":1}},"10":{"start":{"line":75,"column":26},"end":{"line":75,"column":49}},"11":{"start":{"line":76,"column":30},"end":{"line":76,"column":52}},"12":{"start":{"line":78,"column":28},"end":{"line":78,"column":51}},"13":{"start":{"line":85,"column":21},"end":{"line":92,"column":1}},"14":{"start":{"line":88,"column":19},"end":{"line":91,"column":3}},"15":{"start":{"line":94,"column":27},"end":{"line":146,"column":1}},"16":{"start":{"line":102,"column":37},"end":{"line":102,"column":60}},"17":{"start":{"line":103,"column":26},"end":{"line":103,"column":49}},"18":{"start":{"line":120,"column":39},"end":{"line":120,"column":62}},"19":{"start":{"line":121,"column":28},"end":{"line":121,"column":51}},"20":{"start":{"line":131,"column":39},"end":{"line":131,"column":62}},"21":{"start":{"line":132,"column":28},"end":{"line":132,"column":51}},"22":{"start":{"line":139,"column":41},"end":{"line":139,"column":64}},"23":{"start":{"line":143,"column":41},"end":{"line":143,"column":64}}},"fnMap":{"0":{"name":"(anonymous_0)","decl":{"start":{"line":4,"column":9},"end":{"line":4,"column":10}},"loc":{"start":{"line":4,"column":20},"end":{"line":30,"column":3}},"line":4},"1":{"name":"(anonymous_1)","decl":{"start":{"line":31,"column":11},"end":{"line":31,"column":12}},"loc":{"start":{"line":31,"column":22},"end":{"line":38,"column":3}},"line":31},"2":{"name":"(anonymous_2)","decl":{"start":{"line":36,"column":30},"end":{"line":36,"column":31}},"loc":{"start":{"line":36,"column":45},"end":{"line":36,"column":68}},"line":36},"3":{"name":"(anonymous_3)","decl":{"start":{"line":42,"column":4},"end":{"line":42,"column":5}},"loc":{"start":{"line":42,"column":37},"end":{"line":55,"column":3}},"line":42},"4":{"name":"(anonymous_4)","decl":{"start":{"line":51,"column":30},"end":{"line":51,"column":31}},"loc":{"start":{"line":51,"column":45},"end":{"line":51,"column":68}},"line":51},"5":{"name":"(anonymous_5)","decl":{"start":{"line":64,"column":4},"end":{"line":64,"column":5}},"loc":{"start":{"line":64,"column":19},"end":{"line":66,"column":3}},"line":64},"6":{"name":"(anonymous_6)","decl":{"start":{"line":75,"column":11},"end":{"line":75,"column":12}},"loc":{"start":{"line":75,"column":26},"end":{"line":75,"column":49}},"line":75},"7":{"name":"(anonymous_7)","decl":{"start":{"line":76,"column":15},"end":{"line":76,"column":16}},"loc":{"start":{"line":76,"column":30},"end":{"line":76,"column":52}},"line":76},"8":{"name":"(anonymous_8)","decl":{"start":{"line":78,"column":13},"end":{"line":78,"column":14}},"loc":{"start":{"line":78,"column":28},"end":{"line":78,"column":51}},"line":78},"9":{"name":"(anonymous_9)","decl":{"start":{"line":88,"column":4},"end":{"line":88,"column":5}},"loc":{"start":{"line":88,"column":19},"end":{"line":91,"column":3}},"line":88},"10":{"name":"(anonymous_10)","decl":{"start":{"line":102,"column":22},"end":{"line":102,"column":23}},"loc":{"start":{"line":102,"column":37},"end":{"line":102,"column":60}},"line":102},"11":{"name":"(anonymous_11)","decl":{"start":{"line":103,"column":11},"end":{"line":103,"column":12}},"loc":{"start":{"line":103,"column":26},"end":{"line":103,"column":49}},"line":103},"12":{"name":"(anonymous_12)","decl":{"start":{"line":120,"column":24},"end":{"line":120,"column":25}},"loc":{"start":{"line":120,"column":39},"end":{"line":120,"column":62}},"line":120},"13":{"name":"(anonymous_13)","decl":{"start":{"line":121,"column":13},"end":{"line":121,"column":14}},"loc":{"start":{"line":121,"column":28},"end":{"line":121,"column":51}},"line":121},"14":{"name":"(anonymous_14)","decl":{"start":{"line":131,"column":24},"end":{"line":131,"column":25}},"loc":{"start":{"line":131,"column":39},"end":{"line":131,"column":62}},"line":131},"15":{"name":"(anonymous_15)","decl":{"start":{"line":132,"column":13},"end":{"line":132,"column":14}},"loc":{"start":{"line":132,"column":28},"end":{"line":132,"column":51}},"line":132},"16":{"name":"(anonymous_16)","decl":{"start":{"line":139,"column":26},"end":{"line":139,"column":27}},"loc":{"start":{"line":139,"column":41},"end":{"line":139,"column":64}},"line":139},"17":{"name":"(anonymous_17)","decl":{"start":{"line":143,"column":26},"end":{"line":143,"column":27}},"loc":{"start":{"line":143,"column":41},"end":{"line":143,"column":64}},"line":143}},"branchMap":{"0":{"loc":{"start":{"line":53,"column":6},"end":{"line":53,"column":44}},"type":"binary-expr","locations":[{"start":{"line":53,"column":6},"end":{"line":53,"column":13}},{"start":{"line":53,"column":17},"end":{"line":53,"column":44}}],"line":53},"1":{"loc":{"start":{"line":54,"column":6},"end":{"line":54,"column":50}},"type":"binary-expr","locations":[{"start":{"line":54,"column":6},"end":{"line":54,"column":17}},{"start":{"line":54,"column":21},"end":{"line":54,"column":50}}],"line":54}},"s":{"0":2,"1":2,"2":2,"3":2,"4":2,"5":55,"6":55,"7":2,"8":55,"9":2,"10":55,"11":55,"12":55,"13":2,"14":2,"15":2,"16":2,"17":2,"18":2,"19":2,"20":2,"21":2,"22":2,"23":2},"f":{"0":2,"1":2,"2":2,"3":55,"4":55,"5":55,"6":55,"7":55,"8":55,"9":2,"10":2,"11":2,"12":2,"13":2,"14":2,"15":2,"16":2,"17":2},"b":{"0":[55,2],"1":[55,2]},"_coverageSchema":"1a1c01bbd47fc00a2c39e90264f33305004495a9","hash":"66a6ec4d9955c51836938dd1d2406587cb3979d8"}
,"C:\\Users\\genil\\Documents\\projetos\\pessoal\\weather-app\\src\\components\\Weather\\index.jsx": {"path":"C:\\Users\\genil\\Documents\\projetos\\pessoal\\weather-app\\src\\components\\Weather\\index.jsx","statementMap":{"0":{"start":{"line":7,"column":23},"end":{"line":21,"column":1}},"1":{"start":{"line":8,"column":2},"end":{"line":20,"column":4}},"2":{"start":{"line":23,"column":0},"end":{"line":29,"column":2}}},"fnMap":{"0":{"name":"(anonymous_0)","decl":{"start":{"line":7,"column":23},"end":{"line":7,"column":24}},"loc":{"start":{"line":7,"column":77},"end":{"line":21,"column":1}},"line":7}},"branchMap":{},"s":{"0":2,"1":1,"2":2},"f":{"0":1},"b":{},"_coverageSchema":"1a1c01bbd47fc00a2c39e90264f33305004495a9","hash":"beda613ca62c4500e870fb3b65c8c84d1b61c848"}
,"C:\\Users\\genil\\Documents\\projetos\\pessoal\\weather-app\\src\\components\\Weather\\styles.js": {"path":"C:\\Users\\genil\\Documents\\projetos\\pessoal\\weather-app\\src\\components\\Weather\\styles.js","statementMap":{"0":{"start":{"line":3,"column":23},"end":{"line":7,"column":1}},"1":{"start":{"line":8,"column":27},"end":{"line":14,"column":1}},"2":{"start":{"line":15,"column":23},"end":{"line":19,"column":1}},"3":{"start":{"line":20,"column":25},"end":{"line":26,"column":1}},"4":{"start":{"line":21,"column":30},"end":{"line":21,"column":51}},"5":{"start":{"line":25,"column":26},"end":{"line":25,"column":49}},"6":{"start":{"line":27,"column":27},"end":{"line":31,"column":1}},"7":{"start":{"line":30,"column":26},"end":{"line":30,"column":49}},"8":{"start":{"line":32,"column":20},"end":{"line":37,"column":1}},"9":{"start":{"line":33,"column":30},"end":{"line":33,"column":52}},"10":{"start":{"line":36,"column":26},"end":{"line":36,"column":49}},"11":{"start":{"line":38,"column":20},"end":{"line":43,"column":1}},"12":{"start":{"line":39,"column":30},"end":{"line":39,"column":52}},"13":{"start":{"line":41,"column":26},"end":{"line":41,"column":49}}},"fnMap":{"0":{"name":"(anonymous_0)","decl":{"start":{"line":21,"column":15},"end":{"line":21,"column":16}},"loc":{"start":{"line":21,"column":30},"end":{"line":21,"column":51}},"line":21},"1":{"name":"(anonymous_1)","decl":{"start":{"line":25,"column":11},"end":{"line":25,"column":12}},"loc":{"start":{"line":25,"column":26},"end":{"line":25,"column":49}},"line":25},"2":{"name":"(anonymous_2)","decl":{"start":{"line":30,"column":11},"end":{"line":30,"column":12}},"loc":{"start":{"line":30,"column":26},"end":{"line":30,"column":49}},"line":30},"3":{"name":"(anonymous_3)","decl":{"start":{"line":33,"column":15},"end":{"line":33,"column":16}},"loc":{"start":{"line":33,"column":30},"end":{"line":33,"column":52}},"line":33},"4":{"name":"(anonymous_4)","decl":{"start":{"line":36,"column":11},"end":{"line":36,"column":12}},"loc":{"start":{"line":36,"column":26},"end":{"line":36,"column":49}},"line":36},"5":{"name":"(anonymous_5)","decl":{"start":{"line":39,"column":15},"end":{"line":39,"column":16}},"loc":{"start":{"line":39,"column":30},"end":{"line":39,"column":52}},"line":39},"6":{"name":"(anonymous_6)","decl":{"start":{"line":41,"column":11},"end":{"line":41,"column":12}},"loc":{"start":{"line":41,"column":26},"end":{"line":41,"column":49}},"line":41}},"branchMap":{},"s":{"0":2,"1":2,"2":2,"3":2,"4":1,"5":1,"6":2,"7":1,"8":2,"9":1,"10":1,"11":2,"12":1,"13":1},"f":{"0":1,"1":1,"2":1,"3":1,"4":1,"5":1,"6":1},"b":{},"_coverageSchema":"1a1c01bbd47fc00a2c39e90264f33305004495a9","hash":"e3838250854df82ef997545ae951abac946fbb40"}
,"C:\\Users\\genil\\Documents\\projetos\\pessoal\\weather-app\\src\\components\\WeatherCard\\index.jsx": {"path":"C:\\Users\\genil\\Documents\\projetos\\pessoal\\weather-app\\src\\components\\WeatherCard\\index.jsx","statementMap":{"0":{"start":{"line":8,"column":27},"end":{"line":18,"column":1}},"1":{"start":{"line":9,"column":2},"end":{"line":17,"column":4}},"2":{"start":{"line":20,"column":0},"end":{"line":25,"column":2}}},"fnMap":{"0":{"name":"(anonymous_0)","decl":{"start":{"line":8,"column":27},"end":{"line":8,"column":28}},"loc":{"start":{"line":8,"column":68},"end":{"line":18,"column":1}},"line":8}},"branchMap":{},"s":{"0":2,"1":1,"2":2},"f":{"0":1},"b":{},"_coverageSchema":"1a1c01bbd47fc00a2c39e90264f33305004495a9","hash":"8d3783c30d3abe9d9a4cf7294948e96433c381b0"}
,"C:\\Users\\genil\\Documents\\projetos\\pessoal\\weather-app\\src\\components\\WeatherCard\\styles.js": {"path":"C:\\Users\\genil\\Documents\\projetos\\pessoal\\weather-app\\src\\components\\WeatherCard\\styles.js","statementMap":{"0":{"start":{"line":3,"column":23},"end":{"line":17,"column":1}},"1":{"start":{"line":4,"column":31},"end":{"line":4,"column":54}},"2":{"start":{"line":19,"column":20},"end":{"line":26,"column":1}},"3":{"start":{"line":21,"column":30},"end":{"line":21,"column":52}},"4":{"start":{"line":22,"column":26},"end":{"line":22,"column":49}},"5":{"start":{"line":27,"column":20},"end":{"line":36,"column":1}},"6":{"start":{"line":37,"column":20},"end":{"line":45,"column":1}},"7":{"start":{"line":39,"column":30},"end":{"line":39,"column":52}},"8":{"start":{"line":40,"column":26},"end":{"line":40,"column":49}}},"fnMap":{"0":{"name":"(anonymous_0)","decl":{"start":{"line":4,"column":16},"end":{"line":4,"column":17}},"loc":{"start":{"line":4,"column":31},"end":{"line":4,"column":54}},"line":4},"1":{"name":"(anonymous_1)","decl":{"start":{"line":21,"column":15},"end":{"line":21,"column":16}},"loc":{"start":{"line":21,"column":30},"end":{"line":21,"column":52}},"line":21},"2":{"name":"(anonymous_2)","decl":{"start":{"line":22,"column":11},"end":{"line":22,"column":12}},"loc":{"start":{"line":22,"column":26},"end":{"line":22,"column":49}},"line":22},"3":{"name":"(anonymous_3)","decl":{"start":{"line":39,"column":15},"end":{"line":39,"column":16}},"loc":{"start":{"line":39,"column":30},"end":{"line":39,"column":52}},"line":39},"4":{"name":"(anonymous_4)","decl":{"start":{"line":40,"column":11},"end":{"line":40,"column":12}},"loc":{"start":{"line":40,"column":26},"end":{"line":40,"column":49}},"line":40}},"branchMap":{},"s":{"0":2,"1":1,"2":2,"3":1,"4":1,"5":2,"6":2,"7":1,"8":1},"f":{"0":1,"1":1,"2":1,"3":1,"4":1},"b":{},"_coverageSchema":"1a1c01bbd47fc00a2c39e90264f33305004495a9","hash":"d2f84d374869ce7afb970b06a3fafcaee9febce6"}
,"C:\\Users\\genil\\Documents\\projetos\\pessoal\\weather-app\\src\\components\\WeatherIcon\\index.jsx": {"path":"C:\\Users\\genil\\Documents\\projetos\\pessoal\\weather-app\\src\\components\\WeatherIcon\\index.jsx","statementMap":{"0":{"start":{"line":5,"column":27},"end":{"line":13,"column":1}},"1":{"start":{"line":6,"column":2},"end":{"line":12,"column":3}},"2":{"start":{"line":7,"column":4},"end":{"line":9,"column":6}},"3":{"start":{"line":11,"column":4},"end":{"line":11,"column":66}},"4":{"start":{"line":15,"column":0},"end":{"line":18,"column":2}}},"fnMap":{"0":{"name":"(anonymous_0)","decl":{"start":{"line":5,"column":27},"end":{"line":5,"column":28}},"loc":{"start":{"line":5,"column":52},"end":{"line":13,"column":1}},"line":5}},"branchMap":{"0":{"loc":{"start":{"line":6,"column":2},"end":{"line":12,"column":3}},"type":"if","locations":[{"start":{"line":6,"column":2},"end":{"line":12,"column":3}},{"start":{"line":10,"column":9},"end":{"line":12,"column":3}}],"line":6}},"s":{"0":3,"1":3,"2":2,"3":1,"4":3},"f":{"0":3},"b":{"0":[2,1]},"_coverageSchema":"1a1c01bbd47fc00a2c39e90264f33305004495a9","hash":"eb77d155115eebe36300041acd2c148b6fe5e40c"}
,"C:\\Users\\genil\\Documents\\projetos\\pessoal\\weather-app\\src\\components\\WeatherIcon\\styles.js": {"path":"C:\\Users\\genil\\Documents\\projetos\\pessoal\\weather-app\\src\\components\\WeatherIcon\\styles.js","statementMap":{"0":{"start":{"line":3,"column":20},"end":{"line":3,"column":30}}},"fnMap":{},"branchMap":{},"s":{"0":3},"f":{},"b":{},"_coverageSchema":"1a1c01bbd47fc00a2c39e90264f33305004495a9","hash":"fb12a9eb27a938a89c3ad88e90feff4651f4344b"}
,"C:\\Users\\genil\\Documents\\projetos\\pessoal\\weather-app\\src\\context\\dataContext\\index.js": {"path":"C:\\Users\\genil\\Documents\\projetos\\pessoal\\weather-app\\src\\context\\dataContext\\index.js","statementMap":{"0":{"start":{"line":5,"column":27},"end":{"line":5,"column":42}},"1":{"start":{"line":7,"column":28},"end":{"line":56,"column":1}},"2":{"start":{"line":8,"column":32},"end":{"line":8,"column":47}},"3":{"start":{"line":9,"column":28},"end":{"line":9,"column":42}},"4":{"start":{"line":10,"column":26},"end":{"line":10,"column":38}},"5":{"start":{"line":11,"column":30},"end":{"line":11,"column":45}},"6":{"start":{"line":12,"column":42},"end":{"line":12,"column":59}},"7":{"start":{"line":14,"column":29},"end":{"line":31,"column":3}},"8":{"start":{"line":15,"column":4},"end":{"line":15,"column":21}},"9":{"start":{"line":16,"column":4},"end":{"line":16,"column":19}},"10":{"start":{"line":17,"column":4},"end":{"line":30,"column":5}},"11":{"start":{"line":18,"column":19},"end":{"line":18,"column":48}},"12":{"start":{"line":19,"column":30},"end":{"line":19,"column":34}},"13":{"start":{"line":20,"column":6},"end":{"line":20,"column":76}},"14":{"start":{"line":21,"column":6},"end":{"line":21,"column":39}},"15":{"start":{"line":22,"column":6},"end":{"line":22,"column":22}},"16":{"start":{"line":23,"column":6},"end":{"line":23,"column":27}},"17":{"start":{"line":24,"column":6},"end":{"line":24,"column":22}},"18":{"start":{"line":25,"column":6},"end":{"line":25,"column":24}},"19":{"start":{"line":27,"column":6},"end":{"line":27,"column":30}},"20":{"start":{"line":28,"column":6},"end":{"line":28,"column":23}},"21":{"start":{"line":29,"column":6},"end":{"line":29,"column":24}},"22":{"start":{"line":33,"column":2},"end":{"line":40,"column":9}},"23":{"start":{"line":34,"column":39},"end":{"line":34,"column":75}},"24":{"start":{"line":35,"column":30},"end":{"line":35,"column":68}},"25":{"start":{"line":36,"column":4},"end":{"line":39,"column":5}},"26":{"start":{"line":37,"column":6},"end":{"line":37,"column":49}},"27":{"start":{"line":38,"column":6},"end":{"line":38,"column":41}},"28":{"start":{"line":42,"column":2},"end":{"line":55,"column":4}},"29":{"start":{"line":58,"column":0},"end":{"line":60,"column":2}},"30":{"start":{"line":62,"column":30},"end":{"line":64,"column":1}},"31":{"start":{"line":63,"column":2},"end":{"line":63,"column":33}}},"fnMap":{"0":{"name":"(anonymous_0)","decl":{"start":{"line":7,"column":28},"end":{"line":7,"column":29}},"loc":{"start":{"line":7,"column":46},"end":{"line":56,"column":1}},"line":7},"1":{"name":"(anonymous_1)","decl":{"start":{"line":14,"column":29},"end":{"line":14,"column":30}},"loc":{"start":{"line":14,"column":51},"end":{"line":31,"column":3}},"line":14},"2":{"name":"(anonymous_2)","decl":{"start":{"line":33,"column":12},"end":{"line":33,"column":13}},"loc":{"start":{"line":33,"column":18},"end":{"line":40,"column":3}},"line":33},"3":{"name":"(anonymous_3)","decl":{"start":{"line":62,"column":30},"end":{"line":62,"column":31}},"loc":{"start":{"line":62,"column":36},"end":{"line":64,"column":1}},"line":62}},"branchMap":{"0":{"loc":{"start":{"line":36,"column":4},"end":{"line":39,"column":5}},"type":"if","locations":[{"start":{"line":36,"column":4},"end":{"line":39,"column":5}},{"start":{},"end":{}}],"line":36}},"s":{"0":3,"1":3,"2":14,"3":14,"4":14,"5":14,"6":14,"7":14,"8":4,"9":4,"10":4,"11":4,"12":3,"13":3,"14":3,"15":3,"16":3,"17":3,"18":3,"19":1,"20":1,"21":1,"22":14,"23":6,"24":6,"25":6,"26":1,"27":1,"28":14,"29":3,"30":3,"31":4},"f":{"0":14,"1":4,"2":6,"3":4},"b":{"0":[1,5]},"_coverageSchema":"1a1c01bbd47fc00a2c39e90264f33305004495a9","hash":"45d6f2931a04bcd3239c64095276d7b7c22505ad"}
,"C:\\Users\\genil\\Documents\\projetos\\pessoal\\weather-app\\src\\pages\\Base\\index.jsx": {"path":"C:\\Users\\genil\\Documents\\projetos\\pessoal\\weather-app\\src\\pages\\Base\\index.jsx","statementMap":{"0":{"start":{"line":9,"column":20},"end":{"line":31,"column":1}},"1":{"start":{"line":10,"column":57},"end":{"line":10,"column":73}},"2":{"start":{"line":12,"column":23},"end":{"line":14,"column":3}},"3":{"start":{"line":13,"column":4},"end":{"line":13,"column":30}},"4":{"start":{"line":16,"column":2},"end":{"line":30,"column":4}},"5":{"start":{"line":33,"column":0},"end":{"line":35,"column":2}}},"fnMap":{"0":{"name":"(anonymous_0)","decl":{"start":{"line":9,"column":20},"end":{"line":9,"column":21}},"loc":{"start":{"line":9,"column":38},"end":{"line":31,"column":1}},"line":9},"1":{"name":"(anonymous_1)","decl":{"start":{"line":12,"column":23},"end":{"line":12,"column":24}},"loc":{"start":{"line":12,"column":34},"end":{"line":14,"column":3}},"line":12}},"branchMap":{},"s":{"0":2,"1":3,"2":3,"3":1,"4":3,"5":2},"f":{"0":3,"1":1},"b":{},"_coverageSchema":"1a1c01bbd47fc00a2c39e90264f33305004495a9","hash":"146fb2f78a7b2c29a77bf9aba3ade31775626039"}
,"C:\\Users\\genil\\Documents\\projetos\\pessoal\\weather-app\\src\\pages\\Base\\styles.js": {"path":"C:\\Users\\genil\\Documents\\projetos\\pessoal\\weather-app\\src\\pages\\Base\\styles.js","statementMap":{"0":{"start":{"line":3,"column":20},"end":{"line":3,"column":35}},"1":{"start":{"line":5,"column":22},"end":{"line":10,"column":1}}},"fnMap":{},"branchMap":{},"s":{"0":2,"1":2},"f":{},"b":{},"_coverageSchema":"1a1c01bbd47fc00a2c39e90264f33305004495a9","hash":"af29bd4b2377ab32ac92e4961e5358a50fa30834"}
,"C:\\Users\\genil\\Documents\\projetos\\pessoal\\weather-app\\src\\pages\\Home\\index.jsx": {"path":"C:\\Users\\genil\\Documents\\projetos\\pessoal\\weather-app\\src\\pages\\Home\\index.jsx","statementMap":{"0":{"start":{"line":17,"column":20},"end":{"line":86,"column":1}},"1":{"start":{"line":18,"column":33},"end":{"line":18,"column":49}},"2":{"start":{"line":20,"column":16},"end":{"line":20,"column":65}},"3":{"start":{"line":22,"column":2},"end":{"line":85,"column":3}},"4":{"start":{"line":23,"column":4},"end":{"line":28,"column":6}},"5":{"start":{"line":30,"column":4},"end":{"line":84,"column":6}},"6":{"start":{"line":74,"column":14},"end":{"line":79,"column":16}}},"fnMap":{"0":{"name":"(anonymous_0)","decl":{"start":{"line":17,"column":20},"end":{"line":17,"column":21}},"loc":{"start":{"line":17,"column":26},"end":{"line":86,"column":1}},"line":17},"1":{"name":"(anonymous_1)","decl":{"start":{"line":73,"column":23},"end":{"line":73,"column":24}},"loc":{"start":{"line":74,"column":14},"end":{"line":79,"column":16}},"line":74}},"branchMap":{"0":{"loc":{"start":{"line":20,"column":16},"end":{"line":20,"column":65}},"type":"binary-expr","locations":[{"start":{"line":20,"column":17},"end":{"line":20,"column":21}},{"start":{"line":20,"column":25},"end":{"line":20,"column":58}},{"start":{"line":20,"column":63},"end":{"line":20,"column":65}}],"line":20},"1":{"loc":{"start":{"line":22,"column":2},"end":{"line":85,"column":3}},"type":"if","locations":[{"start":{"line":22,"column":2},"end":{"line":85,"column":3}},{"start":{"line":29,"column":9},"end":{"line":85,"column":3}}],"line":22},"2":{"loc":{"start":{"line":26,"column":9},"end":{"line":26,"column":71}},"type":"binary-expr","locations":[{"start":{"line":26,"column":9},"end":{"line":26,"column":23}},{"start":{"line":26,"column":27},"end":{"line":26,"column":71}}],"line":26}},"s":{"0":2,"1":3,"2":3,"3":3,"4":2,"5":1,"6":1},"f":{"0":3,"1":1},"b":{"0":[3,3,2],"1":[2,1],"2":[2,2]},"_coverageSchema":"1a1c01bbd47fc00a2c39e90264f33305004495a9","hash":"bdb0a6889bfd7208918839ffbde5dfae014d6202"}
,"C:\\Users\\genil\\Documents\\projetos\\pessoal\\weather-app\\src\\pages\\Home\\styles.js": {"path":"C:\\Users\\genil\\Documents\\projetos\\pessoal\\weather-app\\src\\pages\\Home\\styles.js","statementMap":{"0":{"start":{"line":3,"column":25},"end":{"line":10,"column":1}},"1":{"start":{"line":12,"column":27},"end":{"line":19,"column":1}},"2":{"start":{"line":20,"column":30},"end":{"line":25,"column":1}},"3":{"start":{"line":22,"column":24},"end":{"line":24,"column":3}},"4":{"start":{"line":27,"column":30},"end":{"line":29,"column":1}},"5":{"start":{"line":31,"column":26},"end":{"line":46,"column":1}},"6":{"start":{"line":32,"column":27},"end":{"line":45,"column":3}},"7":{"start":{"line":48,"column":27},"end":{"line":56,"column":1}},"8":{"start":{"line":58,"column":23},"end":{"line":69,"column":1}},"9":{"start":{"line":71,"column":21},"end":{"line":82,"column":1}},"10":{"start":{"line":72,"column":19},"end":{"line":81,"column":3}}},"fnMap":{"0":{"name":"(anonymous_0)","decl":{"start":{"line":22,"column":4},"end":{"line":22,"column":5}},"loc":{"start":{"line":22,"column":24},"end":{"line":24,"column":3}},"line":22},"1":{"name":"(anonymous_1)","decl":{"start":{"line":32,"column":4},"end":{"line":32,"column":5}},"loc":{"start":{"line":32,"column":27},"end":{"line":45,"column":3}},"line":32},"2":{"name":"(anonymous_2)","decl":{"start":{"line":72,"column":4},"end":{"line":72,"column":5}},"loc":{"start":{"line":72,"column":19},"end":{"line":81,"column":3}},"line":72}},"branchMap":{"0":{"loc":{"start":{"line":22,"column":7},"end":{"line":22,"column":17}},"type":"default-arg","locations":[{"start":{"line":22,"column":16},"end":{"line":22,"column":17}}],"line":22}},"s":{"0":2,"1":2,"2":2,"3":4,"4":2,"5":2,"6":1,"7":2,"8":2,"9":2,"10":2},"f":{"0":4,"1":1,"2":2},"b":{"0":[3]},"_coverageSchema":"1a1c01bbd47fc00a2c39e90264f33305004495a9","hash":"2284a10fdc188edd3fb6d3b92cf28e712a681bcd"}
,"C:\\Users\\genil\\Documents\\projetos\\pessoal\\weather-app\\src\\services\\api.js": {"path":"C:\\Users\\genil\\Documents\\projetos\\pessoal\\weather-app\\src\\services\\api.js","statementMap":{"0":{"start":{"line":3,"column":12},"end":{"line":5,"column":2}},"1":{"start":{"line":7,"column":27},"end":{"line":31,"column":1}},"2":{"start":{"line":8,"column":2},"end":{"line":30,"column":3}},"3":{"start":{"line":9,"column":25},"end":{"line":16,"column":6}},"4":{"start":{"line":17,"column":28},"end":{"line":17,"column":45}},"5":{"start":{"line":18,"column":28},"end":{"line":26,"column":6}},"6":{"start":{"line":27,"column":4},"end":{"line":27,"column":52}},"7":{"start":{"line":29,"column":4},"end":{"line":29,"column":49}}},"fnMap":{"0":{"name":"(anonymous_0)","decl":{"start":{"line":7,"column":27},"end":{"line":7,"column":28}},"loc":{"start":{"line":7,"column":49},"end":{"line":31,"column":1}},"line":7}},"branchMap":{},"s":{"0":4,"1":4,"2":2,"3":2,"4":1,"5":1,"6":1,"7":1},"f":{"0":2},"b":{},"_coverageSchema":"1a1c01bbd47fc00a2c39e90264f33305004495a9","hash":"573bf8ad0fb2e8237551dda741b99927d4d097b7"}
,"C:\\Users\\genil\\Documents\\projetos\\pessoal\\weather-app\\src\\utils\\convertTimeStamp.js": {"path":"C:\\Users\\genil\\Documents\\projetos\\pessoal\\weather-app\\src\\utils\\convertTimeStamp.js","statementMap":{"0":{"start":{"line":2,"column":15},"end":{"line":2,"column":41}},"1":{"start":{"line":4,"column":18},"end":{"line":6,"column":21}},"2":{"start":{"line":7,"column":15},"end":{"line":7,"column":65}},"3":{"start":{"line":8,"column":16},"end":{"line":10,"column":21}},"4":{"start":{"line":11,"column":18},"end":{"line":11,"column":32}},"5":{"start":{"line":12,"column":2},"end":{"line":18,"column":4}}},"fnMap":{"0":{"name":"convertTimeStamp","decl":{"start":{"line":1,"column":16},"end":{"line":1,"column":32}},"loc":{"start":{"line":1,"column":44},"end":{"line":19,"column":1}},"line":1}},"branchMap":{},"s":{"0":2,"1":2,"2":2,"3":2,"4":2,"5":2},"f":{"0":2},"b":{},"_coverageSchema":"1a1c01bbd47fc00a2c39e90264f33305004495a9","hash":"e08c583d7fd3581b40447b5807ee0a89565c41e1"}
,"C:\\Users\\genil\\Documents\\projetos\\pessoal\\weather-app\\src\\utils\\test\\renderWithTheme.js": {"path":"C:\\Users\\genil\\Documents\\projetos\\pessoal\\weather-app\\src\\utils\\test\\renderWithTheme.js","statementMap":{"0":{"start":{"line":5,"column":24},"end":{"line":6,"column":65}},"1":{"start":{"line":6,"column":2},"end":{"line":6,"column":65}}},"fnMap":{"0":{"name":"(anonymous_0)","decl":{"start":{"line":5,"column":24},"end":{"line":5,"column":25}},"loc":{"start":{"line":6,"column":2},"end":{"line":6,"column":65}},"line":6}},"branchMap":{},"s":{"0":9,"1":29},"f":{"0":29},"b":{},"_coverageSchema":"1a1c01bbd47fc00a2c39e90264f33305004495a9","hash":"f9a21b341be38bf92451d98a2720edc2764b8adf"}
}
