TN:
SF:src\App.js
FN:8,App
FNF:1
FNH:1
FNDA:1,App
DA:9,1
LF:1
LH:1
BRF:0
BRH:0
end_of_record
TN:
SF:src\components\Heading\index.jsx
FN:6,(anonymous_0)
FNF:1
FNH:1
FNDA:1,(anonymous_0)
DA:6,2
DA:7,1
DA:10,2
LF:3
LH:3
BRF:0
BRH:0
end_of_record
TN:
SF:src\components\Heading\styles.js
FN:7,(anonymous_0)
FNF:1
FNH:1
FNDA:1,(anonymous_0)
DA:3,2
DA:7,1
LF:2
LH:2
BRF:0
BRH:0
end_of_record
TN:
SF:src\components\Layout\index.jsx
FNF:0
FNH:0
DA:3,2
LF:1
LH:1
BRF:0
BRH:0
end_of_record
TN:
SF:src\components\MeasureCard\index.jsx
FN:6,(anonymous_0)
FNF:1
FNH:1
FNDA:2,(anonymous_0)
DA:6,2
DA:7,2
DA:21,2
LF:3
LH:3
BRDA:9,0,0,2
BRDA:9,0,1,1
BRF:2
BRH:2
end_of_record
TN:
SF:src\components\MeasureCard\styles.js
FN:16,(anonymous_0)
FN:25,(anonymous_1)
FN:26,(anonymous_2)
FN:31,(anonymous_3)
FN:32,(anonymous_4)
FNF:5
FNH:5
FNDA:1,(anonymous_0)
FNDA:2,(anonymous_1)
FNDA:2,(anonymous_2)
FNDA:2,(anonymous_3)
FNDA:2,(anonymous_4)
DA:3,2
DA:9,2
DA:16,1
DA:22,2
DA:23,2
DA:25,2
DA:26,2
DA:29,2
DA:31,2
DA:32,2
LF:10
LH:10
BRF:0
BRH:0
end_of_record
TN:
SF:src\components\Menu\index.jsx
FN:8,(anonymous_0)
FN:12,(anonymous_1)
FN:13,(anonymous_2)
FN:16,(anonymous_3)
FN:17,(anonymous_4)
FN:21,(anonymous_5)
FN:28,(anonymous_6)
FN:34,(anonymous_7)
FN:35,(anonymous_8)
FN:40,(anonymous_9)
FN:41,(anonymous_10)
FN:44,(anonymous_11)
FN:49,(anonymous_12)
FN:62,(anonymous_13)
FN:71,(anonymous_14)
FNF:15
FNH:15
FNDA:22,(anonymous_0)
FNDA:4,(anonymous_1)
FNDA:4,(anonymous_2)
FNDA:8,(anonymous_3)
FNDA:7,(anonymous_4)
FNDA:8,(anonymous_5)
FNDA:8,(anonymous_6)
FNDA:1,(anonymous_7)
FNDA:3,(anonymous_8)
FNDA:8,(anonymous_9)
FNDA:7,(anonymous_10)
FNDA:1,(anonymous_11)
FNDA:8,(anonymous_12)
FNDA:4,(anonymous_13)
FNDA:35,(anonymous_14)
DA:8,2
DA:9,22
DA:10,22
DA:12,22
DA:13,4
DA:16,22
DA:17,8
DA:18,7
DA:20,8
DA:21,8
DA:22,8
DA:26,22
DA:28,22
DA:29,8
DA:30,8
DA:31,8
DA:34,22
DA:35,3
DA:36,1
DA:37,1
DA:40,22
DA:41,8
DA:44,22
DA:45,1
DA:46,1
DA:49,22
DA:50,8
DA:51,7
DA:55,7
DA:59,22
DA:62,4
DA:72,35
DA:88,2
LF:33
LH:33
BRDA:18,0,0,7
BRDA:18,0,1,1
BRDA:30,1,0,8
BRDA:30,1,1,4
BRDA:50,2,0,7
BRDA:50,2,1,1
BRDA:70,3,0,22
BRDA:70,3,1,22
BRDA:72,4,0,20
BRDA:72,4,1,15
BRDA:81,5,0,22
BRDA:81,5,1,11
BRF:12
BRH:12
end_of_record
TN:
SF:src\components\Menu\styles.js
FN:13,(anonymous_0)
FN:29,(anonymous_1)
FN:47,(anonymous_2)
FN:66,(anonymous_3)
FN:74,(anonymous_4)
FN:100,(anonymous_5)
FNF:6
FNH:6
FNDA:5,(anonymous_0)
FNDA:22,(anonymous_1)
FNDA:5,(anonymous_2)
FNDA:22,(anonymous_3)
FNDA:22,(anonymous_4)
FNDA:11,(anonymous_5)
DA:3,2
DA:10,2
DA:12,2
DA:13,5
DA:20,2
DA:29,22
DA:46,2
DA:47,5
DA:53,2
DA:66,22
DA:73,2
DA:74,22
DA:84,2
DA:91,2
DA:100,11
LF:15
LH:15
BRDA:40,0,0,22
BRDA:40,0,1,5
BRDA:69,1,0,22
BRDA:69,1,1,5
BRF:4
BRH:4
end_of_record
TN:
SF:src\components\Menu\ButtonMenu\index.jsx
FN:5,(anonymous_0)
FN:6,(anonymous_1)
FN:10,(anonymous_2)
FN:16,(anonymous_3)
FN:18,(anonymous_4)
FNF:5
FNH:5
FNDA:23,(anonymous_0)
FNDA:2,(anonymous_1)
FNDA:2,(anonymous_2)
FNDA:2,(anonymous_3)
FNDA:2,(anonymous_4)
DA:5,3
DA:6,23
DA:7,2
DA:10,23
DA:11,2
DA:14,23
DA:16,2
DA:18,2
DA:26,3
LF:9
LH:9
BRDA:7,0,0,2
BRDA:7,0,1,2
BRDA:11,1,0,2
BRDA:11,1,1,2
BRF:4
BRH:4
end_of_record
TN:
SF:src\components\Menu\ButtonMenu\styles.js
FN:18,(anonymous_0)
FN:42,(anonymous_1)
FNF:2
FNH:2
FNDA:23,(anonymous_0)
FNDA:23,(anonymous_1)
DA:3,3
DA:9,3
DA:18,23
DA:35,3
DA:42,23
LF:5
LH:5
BRF:0
BRH:0
end_of_record
TN:
SF:src\components\SearchInput\index.jsx
FN:7,(anonymous_0)
FN:11,(anonymous_1)
FN:14,(anonymous_2)
FN:19,(anonymous_3)
FN:31,(anonymous_4)
FNF:5
FNH:5
FNDA:58,(anonymous_0)
FNDA:42,(anonymous_1)
FNDA:2,(anonymous_2)
FNDA:11,(anonymous_3)
FNDA:42,(anonymous_4)
DA:7,2
DA:8,58
DA:9,58
DA:11,58
DA:12,42
DA:14,58
DA:15,2
DA:16,2
DA:17,2
DA:19,58
DA:20,11
DA:23,58
DA:31,42
DA:42,2
LF:14
LH:14
BRDA:16,0,0,2
BRDA:16,0,1,1
BRDA:20,1,0,1
BRDA:20,1,1,10
BRDA:36,2,0,58
BRDA:36,2,1,2
BRDA:37,3,0,58
BRDA:37,3,1,2
BRF:8
BRH:8
end_of_record
TN:
SF:src\components\SearchInput\styles.js
FN:4,(anonymous_0)
FN:31,(anonymous_1)
FN:36,(anonymous_2)
FN:42,(anonymous_3)
FN:51,(anonymous_4)
FN:64,(anonymous_5)
FN:75,(anonymous_6)
FN:76,(anonymous_7)
FN:78,(anonymous_8)
FN:88,(anonymous_9)
FN:102,(anonymous_10)
FN:103,(anonymous_11)
FN:120,(anonymous_12)
FN:121,(anonymous_13)
FN:131,(anonymous_14)
FN:132,(anonymous_15)
FN:139,(anonymous_16)
FN:143,(anonymous_17)
FNF:18
FNH:18
FNDA:2,(anonymous_0)
FNDA:2,(anonymous_1)
FNDA:2,(anonymous_2)
FNDA:55,(anonymous_3)
FNDA:55,(anonymous_4)
FNDA:55,(anonymous_5)
FNDA:55,(anonymous_6)
FNDA:55,(anonymous_7)
FNDA:55,(anonymous_8)
FNDA:2,(anonymous_9)
FNDA:2,(anonymous_10)
FNDA:2,(anonymous_11)
FNDA:2,(anonymous_12)
FNDA:2,(anonymous_13)
FNDA:2,(anonymous_14)
FNDA:2,(anonymous_15)
FNDA:2,(anonymous_16)
FNDA:2,(anonymous_17)
DA:3,2
DA:4,2
DA:31,2
DA:36,2
DA:41,2
DA:42,55
DA:51,55
DA:58,2
DA:64,55
DA:69,2
DA:75,55
DA:76,55
DA:78,55
DA:85,2
DA:88,2
DA:94,2
DA:102,2
DA:103,2
DA:120,2
DA:121,2
DA:131,2
DA:132,2
DA:139,2
DA:143,2
LF:24
LH:24
BRDA:53,0,0,55
BRDA:53,0,1,2
BRDA:54,1,0,55
BRDA:54,1,1,2
BRF:4
BRH:4
end_of_record
TN:
SF:src\components\Weather\index.jsx
FN:7,(anonymous_0)
FNF:1
FNH:1
FNDA:1,(anonymous_0)
DA:7,2
DA:8,1
DA:23,2
LF:3
LH:3
BRF:0
BRH:0
end_of_record
TN:
SF:src\components\Weather\styles.js
FN:21,(anonymous_0)
FN:25,(anonymous_1)
FN:30,(anonymous_2)
FN:33,(anonymous_3)
FN:36,(anonymous_4)
FN:39,(anonymous_5)
FN:41,(anonymous_6)
FNF:7
FNH:7
FNDA:1,(anonymous_0)
FNDA:1,(anonymous_1)
FNDA:1,(anonymous_2)
FNDA:1,(anonymous_3)
FNDA:1,(anonymous_4)
FNDA:1,(anonymous_5)
FNDA:1,(anonymous_6)
DA:3,2
DA:8,2
DA:15,2
DA:20,2
DA:21,1
DA:25,1
DA:27,2
DA:30,1
DA:32,2
DA:33,1
DA:36,1
DA:38,2
DA:39,1
DA:41,1
LF:14
LH:14
BRF:0
BRH:0
end_of_record
TN:
SF:src\components\WeatherCard\index.jsx
FN:8,(anonymous_0)
FNF:1
FNH:1
FNDA:1,(anonymous_0)
DA:8,2
DA:9,1
DA:20,2
LF:3
LH:3
BRF:0
BRH:0
end_of_record
TN:
SF:src\components\WeatherCard\styles.js
FN:4,(anonymous_0)
FN:21,(anonymous_1)
FN:22,(anonymous_2)
FN:39,(anonymous_3)
FN:40,(anonymous_4)
FNF:5
FNH:5
FNDA:1,(anonymous_0)
FNDA:1,(anonymous_1)
FNDA:1,(anonymous_2)
FNDA:1,(anonymous_3)
FNDA:1,(anonymous_4)
DA:3,2
DA:4,1
DA:19,2
DA:21,1
DA:22,1
DA:27,2
DA:37,2
DA:39,1
DA:40,1
LF:9
LH:9
BRF:0
BRH:0
end_of_record
TN:
SF:src\components\WeatherIcon\index.jsx
FN:5,(anonymous_0)
FNF:1
FNH:1
FNDA:3,(anonymous_0)
DA:5,3
DA:6,3
DA:7,2
DA:11,1
DA:15,3
LF:5
LH:5
BRDA:6,0,0,2
BRDA:6,0,1,1
BRF:2
BRH:2
end_of_record
TN:
SF:src\components\WeatherIcon\styles.js
FNF:0
FNH:0
DA:3,3
LF:1
LH:1
BRF:0
BRH:0
end_of_record
TN:
SF:src\context\dataContext\index.js
FN:7,(anonymous_0)
FN:14,(anonymous_1)
FN:33,(anonymous_2)
FN:62,(anonymous_3)
FNF:4
FNH:4
FNDA:14,(anonymous_0)
FNDA:4,(anonymous_1)
FNDA:6,(anonymous_2)
FNDA:4,(anonymous_3)
DA:5,3
DA:7,3
DA:8,14
DA:9,14
DA:10,14
DA:11,14
DA:12,14
DA:14,14
DA:15,4
DA:16,4
DA:17,4
DA:18,4
DA:19,3
DA:20,3
DA:21,3
DA:22,3
DA:23,3
DA:24,3
DA:25,3
DA:27,1
DA:28,1
DA:29,1
DA:33,14
DA:34,6
DA:35,6
DA:36,6
DA:37,1
DA:38,1
DA:42,14
DA:58,3
DA:62,3
DA:63,4
LF:32
LH:32
BRDA:36,0,0,1
BRDA:36,0,1,5
BRF:2
BRH:2
end_of_record
TN:
SF:src\pages\Base\index.jsx
FN:9,(anonymous_0)
FN:12,(anonymous_1)
FNF:2
FNH:2
FNDA:3,(anonymous_0)
FNDA:1,(anonymous_1)
DA:9,2
DA:10,3
DA:12,3
DA:13,1
DA:16,3
DA:33,2
LF:6
LH:6
BRF:0
BRH:0
end_of_record
TN:
SF:src\pages\Base\styles.js
FNF:0
FNH:0
DA:3,2
DA:5,2
LF:2
LH:2
BRF:0
BRH:0
end_of_record
TN:
SF:src\pages\Home\index.jsx
FN:17,(anonymous_0)
FN:73,(anonymous_1)
FNF:2
FNH:2
FNDA:3,(anonymous_0)
FNDA:1,(anonymous_1)
DA:17,2
DA:18,3
DA:20,3
DA:22,3
DA:23,2
DA:30,1
DA:74,1
LF:7
LH:7
BRDA:20,0,0,3
BRDA:20,0,1,3
BRDA:20,0,2,2
BRDA:22,1,0,2
BRDA:22,1,1,1
BRDA:26,2,0,2
BRDA:26,2,1,2
BRF:7
BRH:7
end_of_record
TN:
SF:src\pages\Home\styles.js
FN:22,(anonymous_0)
FN:32,(anonymous_1)
FN:72,(anonymous_2)
FNF:3
FNH:3
FNDA:4,(anonymous_0)
FNDA:1,(anonymous_1)
FNDA:2,(anonymous_2)
DA:3,2
DA:12,2
DA:20,2
DA:22,4
DA:27,2
DA:31,2
DA:32,1
DA:48,2
DA:58,2
DA:71,2
DA:72,2
LF:11
LH:11
BRDA:22,0,0,3
BRF:1
BRH:1
end_of_record
TN:
SF:src\services\api.js
FN:7,(anonymous_0)
FNF:1
FNH:1
FNDA:2,(anonymous_0)
DA:3,4
DA:7,4
DA:8,2
DA:9,2
DA:17,1
DA:18,1
DA:27,1
DA:29,1
LF:8
LH:8
BRF:0
BRH:0
end_of_record
TN:
SF:src\utils\convertTimeStamp.js
FN:1,convertTimeStamp
FNF:1
FNH:1
FNDA:2,convertTimeStamp
DA:2,2
DA:4,2
DA:7,2
DA:8,2
DA:11,2
DA:12,2
LF:6
LH:6
BRF:0
BRH:0
end_of_record
TN:
SF:src\utils\test\renderWithTheme.js
FN:5,(anonymous_0)
FNF:1
FNH:1
FNDA:29,(anonymous_0)
DA:5,9
DA:6,29
LF:2
LH:2
BRF:0
BRH:0
end_of_record
